2026-02-24 16:30:12,394 | ERROR | error_handler | Test Failed
NoneType: None
2026-02-24 16:30:12,394 | ERROR | error_handler | Exception Type: AssertionError
2026-02-24 16:30:12,394 | ERROR | error_handler | Exception Message: assert False
2026-02-24 16:30:12,395 | ERROR | error_handler | Business assertion failed.
2026-02-24 16:30:34,269 | ERROR | error_handler | Test Failed
NoneType: None
2026-02-24 16:30:34,270 | ERROR | error_handler | Exception Type: AssertionError
2026-02-24 16:30:34,270 | ERROR | error_handler | Exception Message: assert 'inventory WANXY' in 'https://www.saucedemo.com/inventory.html'
 +  where 'https://www.saucedemo.com/inventory.html' = <selenium.webdriver.edge.webdriver.WebDriver (session="6cde7711d705ef20608fdf794c93df38")>.current_url
2026-02-24 16:30:34,270 | ERROR | error_handler | Business assertion failed.
2026-02-24 16:30:36,527 | INFO | error_handler | This is a test log
2026-02-24 21:56:54,394 | ERROR | error_handler | Test Failed
NoneType: None
2026-02-24 21:56:54,394 | ERROR | error_handler | Exception Type: AssertionError
2026-02-24 21:56:54,394 | ERROR | error_handler | Exception Message: assert False
2026-02-24 21:56:54,394 | ERROR | error_handler | Business assertion failed.
2026-02-24 21:57:26,508 | ERROR | error_handler | Test Failed
NoneType: None
2026-02-24 21:57:26,508 | ERROR | error_handler | Exception Type: AssertionError
2026-02-24 21:57:26,509 | ERROR | error_handler | Exception Message: assert 'inventory WANXY' in 'https://www.saucedemo.com/inventory.html'
 +  where 'https://www.saucedemo.com/inventory.html' = <selenium.webdriver.chrome.webdriver.WebDriver (session="c4a60fa992cdc5c659ce1479ba527493")>.current_url
2026-02-24 21:57:26,509 | ERROR | error_handler | Business assertion failed.
2026-02-24 21:57:28,748 | INFO | error_handler | This is a test log
2026-02-24 22:25:08,919 | ERROR | error_handler | Test Failed
NoneType: None
2026-02-24 22:25:08,920 | ERROR | error_handler | Exception Type: AssertionError
2026-02-24 22:25:08,920 | ERROR | error_handler | Exception Message: assert False
2026-02-24 22:25:08,920 | ERROR | error_handler | Business assertion failed.
2026-02-24 22:25:38,711 | ERROR | error_handler | Test Failed
NoneType: None
2026-02-24 22:25:38,712 | ERROR | error_handler | Exception Type: AssertionError
2026-02-24 22:25:38,712 | ERROR | error_handler | Exception Message: assert 'inventory WANXY' in 'https://www.saucedemo.com/inventory.html'
 +  where 'https://www.saucedemo.com/inventory.html' = <selenium.webdriver.chrome.webdriver.WebDriver (session="385057846e96ecc1451a65c938df3e2a")>.current_url
2026-02-24 22:25:38,712 | ERROR | error_handler | Business assertion failed.
2026-02-24 22:25:41,037 | INFO | error_handler | This is a test log
