2026-03-02 22:09:01,782 | WARNING | automation | [Retry] input failed (attempt 1/2) -> Message: 
Stacktrace:
Symbols not available. Dumping unresolved backtrace:
	0x1157dd3
	0x1157e14
	0xf61db0
	0xfac20a
	0xfac4ab
	0xfede32
	0xfcea84
	0xfeb621
	0xfce7d6
	0xfa0049
	0xfa0e04
	0x13b6924
	0x13b1bf7
	0x13cf5a0
	0x1170f58
	0x117891d
	0x1160648
	0x1160812
	0x114a21a
	0x75e85d49
	0x7789d83b
	0x7789d7c1

2026-03-02 22:09:01,945 | ERROR | automation | Screenshot saved: reports\screenshots\core.base_page_input_retry1_20260302_220901.png
2026-03-02 22:09:13,128 | WARNING | automation | [Retry] input failed (attempt 2/2) -> Message: 
Stacktrace:
Symbols not available. Dumping unresolved backtrace:
	0x1157dd3
	0x1157e14
	0xf61db0
	0xfac20a
	0xfac4ab
	0xfede32
	0xfcea84
	0xfeb621
	0xfce7d6
	0xfa0049
	0xfa0e04
	0x13b6924
	0x13b1bf7
	0x13cf5a0
	0x1170f58
	0x117891d
	0x1160648
	0x1160812
	0x114a21a
	0x75e85d49
	0x7789d83b
	0x7789d7c1

2026-03-02 22:09:13,262 | ERROR | automation | Screenshot saved: reports\screenshots\core.base_page_input_retry2_20260302_220913.png
2026-03-02 22:09:13,262 | ERROR | automation | [Retry] input failed after 2 attempts
2026-03-02 22:09:13,376 | ERROR | error_handler | Test Failed
2026-03-02 22:09:13,376 | ERROR | error_handler | Exception Type: TimeoutException
2026-03-02 22:09:13,376 | ERROR | error_handler | Exception Message: Message: 
Stacktrace:
Symbols not available. Dumping unresolved backtrace:
	0x1157dd3
	0x1157e14
	0xf61db0
	0xfac20a
	0xfac4ab
	0xfede32
	0xfcea84
	0xfeb621
	0xfce7d6
	0xfa0049
	0xfa0e04
	0x13b6924
	0x13b1bf7
	0x13cf5a0
	0x1170f58
	0x117891d
	0x1160648
	0x1160812
	0x114a21a
	0x75e85d49
	0x7789d83b
	0x7789d7c1

2026-03-02 22:09:13,376 | ERROR | error_handler | [TIMEOUT_ERROR] Wait timeout
2026-03-02 22:09:13,499 | ERROR | automation | Screenshot saved: reports\screenshots\tests.test_open_saucedemo_test_login_success_20260302_220913.png
