2026-03-03 20:18:10,862 | INFO | automation | [ASSERT PASS] Login result validation
2026-03-03 20:18:27,705 | INFO | automation | [ASSERT PASS] Login result validation
2026-03-03 20:18:45,984 | INFO | automation | [ASSERT PASS] Login result validation
2026-03-03 20:24:51,596 | INFO | automation | [ASSERT PASS] Login result validation
2026-03-03 20:25:08,416 | INFO | automation | [ASSERT PASS] Login result validation
2026-03-03 20:25:25,583 | INFO | automation | [ASSERT PASS] Login result validation
2026-03-03 20:35:00,611 | INFO | automation | [ASSERT PASS] Login result validation
2026-03-03 20:35:17,295 | INFO | automation | [ASSERT PASS] Login result validation
2026-03-03 20:35:35,125 | INFO | automation | [ASSERT PASS] Login result validation
2026-03-03 20:36:00,148 | WARNING | automation | [Retry] input failed (attempt 1/2) -> Message: 
Stacktrace:
Symbols not available. Dumping unresolved backtrace:
	0xb07dd3
	0xb07e14
	0x911db0
	0x95c20a
	0x95c4ab
	0x99de32
	0x97ea84
	0x99b621
	0x97e7d6
	0x950049
	0x950e04
	0xd66924
	0xd61bf7
	0xd7f5a0
	0xb20f58
	0xb2891d
	0xb10648
	0xb10812
	0xafa21a
	0x75e85d49
	0x7789d83b
	0x7789d7c1

2026-03-03 20:36:00,284 | ERROR | automation | Screenshot saved: reports\screenshots\core.base_page_input_retry1_20260303_203600.png
2026-03-03 20:36:11,464 | WARNING | automation | [Retry] input failed (attempt 2/2) -> Message: 
Stacktrace:
Symbols not available. Dumping unresolved backtrace:
	0xb07dd3
	0xb07e14
	0x911db0
	0x95c20a
	0x95c4ab
	0x99de32
	0x97ea84
	0x99b621
	0x97e7d6
	0x950049
	0x950e04
	0xd66924
	0xd61bf7
	0xd7f5a0
	0xb20f58
	0xb2891d
	0xb10648
	0xb10812
	0xafa21a
	0x75e85d49
	0x7789d83b
	0x7789d7c1

2026-03-03 20:36:11,584 | ERROR | automation | Screenshot saved: reports\screenshots\core.base_page_input_retry2_20260303_203611.png
2026-03-03 20:36:11,584 | ERROR | automation | [Retry] input failed after 2 attempts
2026-03-03 20:36:11,772 | ERROR | error_handler | Test Failed
2026-03-03 20:36:11,773 | ERROR | error_handler | Exception Type: TimeoutException
2026-03-03 20:36:11,773 | ERROR | error_handler | Exception Message: Message: 
Stacktrace:
Symbols not available. Dumping unresolved backtrace:
	0xb07dd3
	0xb07e14
	0x911db0
	0x95c20a
	0x95c4ab
	0x99de32
	0x97ea84
	0x99b621
	0x97e7d6
	0x950049
	0x950e04
	0xd66924
	0xd61bf7
	0xd7f5a0
	0xb20f58
	0xb2891d
	0xb10648
	0xb10812
	0xafa21a
	0x75e85d49
	0x7789d83b
	0x7789d7c1

2026-03-03 20:36:11,774 | ERROR | error_handler | [TIMEOUT_ERROR] Wait timeout
2026-03-03 20:36:11,911 | ERROR | automation | Screenshot saved: reports\screenshots\tests.test_open_saucedemo_test_login_success_20260303_203611.png
2026-03-03 20:44:06,331 | WARNING | automation | [Retry] input failed (attempt 1/2) -> Message: 
Stacktrace:
Symbols not available. Dumping unresolved backtrace:
	0xb07dd3
	0xb07e14
	0x911db0
	0x95c20a
	0x95c4ab
	0x99de32
	0x97ea84
	0x99b621
	0x97e7d6
	0x950049
	0x950e04
	0xd66924
	0xd61bf7
	0xd7f5a0
	0xb20f58
	0xb2891d
	0xb10648
	0xb10812
	0xafa21a
	0x75e85d49
	0x7789d83b
	0x7789d7c1

2026-03-03 20:44:06,515 | ERROR | automation | Screenshot saved: reports\screenshots\core.base_page_input_retry1_20260303_204406.png
2026-03-03 20:44:17,696 | WARNING | automation | [Retry] input failed (attempt 2/2) -> Message: 
Stacktrace:
Symbols not available. Dumping unresolved backtrace:
	0xb07dd3
	0xb07e14
	0x911db0
	0x95c20a
	0x95c4ab
	0x99de32
	0x97ea84
	0x99b621
	0x97e7d6
	0x950049
	0x950e04
	0xd66924
	0xd61bf7
	0xd7f5a0
	0xb20f58
	0xb2891d
	0xb10648
	0xb10812
	0xafa21a
	0x75e85d49
	0x7789d83b
	0x7789d7c1

2026-03-03 20:44:17,872 | ERROR | automation | Screenshot saved: reports\screenshots\core.base_page_input_retry2_20260303_204417.png
2026-03-03 20:44:17,873 | ERROR | automation | [Retry] input failed after 2 attempts
2026-03-03 20:44:17,999 | ERROR | error_handler | Test Failed
2026-03-03 20:44:18,000 | ERROR | error_handler | Exception Type: TimeoutException
2026-03-03 20:44:18,001 | ERROR | error_handler | Exception Message: Message: 
Stacktrace:
Symbols not available. Dumping unresolved backtrace:
	0xb07dd3
	0xb07e14
	0x911db0
	0x95c20a
	0x95c4ab
	0x99de32
	0x97ea84
	0x99b621
	0x97e7d6
	0x950049
	0x950e04
	0xd66924
	0xd61bf7
	0xd7f5a0
	0xb20f58
	0xb2891d
	0xb10648
	0xb10812
	0xafa21a
	0x75e85d49
	0x7789d83b
	0x7789d7c1

2026-03-03 20:44:18,001 | ERROR | error_handler | [TIMEOUT_ERROR] Wait timeout
2026-03-03 20:44:18,141 | ERROR | automation | Screenshot saved: reports\screenshots\tests.test_open_saucedemo_test_login_success_20260303_204418.png
