2026-03-10 22:23:53,915 | INFO | automation | Input text into ('id', 'user-name')
2026-03-10 22:23:54,031 | INFO | automation | Input text into ('id', 'password')
2026-03-10 22:23:54,051 | INFO | automation | Safe click: ('id', 'login-button')
2026-03-10 22:23:54,311 | INFO | automation | Click element: ('id', 'add-to-cart-sauce-labs-backpack')
2026-03-10 22:23:54,502 | INFO | automation | [ASSERT PASS] Cart count validation
2026-03-10 22:24:01,925 | INFO | automation | Input text into ('id', 'user-name')
2026-03-10 22:24:02,020 | INFO | automation | Input text into ('id', 'password')
2026-03-10 22:24:02,046 | INFO | automation | Safe click: ('id', 'login-button')
2026-03-10 22:24:02,247 | INFO | automation | Click element: ('id', 'add-to-cart-sauce-labs-backpack')
2026-03-10 22:24:02,377 | INFO | automation | [ASSERT PASS] Cart count validation
2026-03-10 22:24:09,482 | INFO | automation | Input text into ('id', 'user-name')
2026-03-10 22:24:09,588 | INFO | automation | Input text into ('id', 'password')
2026-03-10 22:24:09,611 | INFO | automation | Safe click: ('id', 'login-button')
2026-03-10 22:24:09,801 | INFO | automation | Click element: ('id', 'add-to-cart-sauce-labs-backpack')
2026-03-10 22:24:09,946 | INFO | automation | [ASSERT PASS] Cart count validation
2026-03-10 22:24:17,023 | INFO | automation | Input text into ('id', 'user-name')
2026-03-10 22:24:17,099 | INFO | automation | Input text into ('id', 'password')
2026-03-10 22:24:17,120 | INFO | automation | Safe click: ('id', 'login-button')
2026-03-10 22:24:17,368 | ERROR | error_handler | Test Failed
2026-03-10 22:24:17,368 | ERROR | error_handler | Exception Type: AssertionError
2026-03-10 22:24:17,368 | ERROR | error_handler | Exception Message: Intentional assertion failure
2026-03-10 22:24:17,368 | ERROR | error_handler | [ASSERTION_ERROR] Business logic failed
2026-03-10 22:24:17,532 | ERROR | automation | Screenshot saved: reports\screenshots\tests.test_assertion_failure_test_assertion_failure_20260310_222417.png
2026-03-10 22:24:24,974 | INFO | automation | Input text into ('id', 'user-name')
2026-03-10 22:24:25,089 | INFO | automation | Input text into ('id', 'password')
2026-03-10 22:24:25,115 | INFO | automation | Safe click: ('id', 'login-button')
2026-03-10 22:24:25,344 | INFO | automation | Click element: ('id', 'add-to-cart-sauce-labs-backpack')
2026-03-10 22:24:25,502 | INFO | automation | Click element: ('class name', 'shopping_cart_link')
2026-03-10 22:24:25,645 | INFO | automation | Click element: ('id', 'checkout')
2026-03-10 22:24:25,814 | INFO | automation | Input text into ('id', 'first-name')
2026-03-10 22:24:25,890 | INFO | automation | Input text into ('id', 'last-name')
2026-03-10 22:24:25,968 | INFO | automation | Input text into ('id', 'postal-code')
2026-03-10 22:24:25,991 | INFO | automation | Click element: ('id', 'continue')
2026-03-10 22:24:36,357 | INFO | automation | Click element: ('id', 'finish')
2026-03-10 22:24:36,491 | INFO | automation | [ASSERT PASS] Checkout validation
2026-03-10 22:24:43,795 | INFO | automation | Input text into ('id', 'user-name')
2026-03-10 22:24:43,908 | INFO | automation | Input text into ('id', 'password')
2026-03-10 22:24:43,933 | INFO | automation | Safe click: ('id', 'login-button')
2026-03-10 22:24:44,080 | INFO | automation | Click element: ('id', 'add-to-cart-sauce-labs-backpack')
2026-03-10 22:24:44,204 | INFO | automation | Click element: ('class name', 'shopping_cart_link')
2026-03-10 22:24:44,320 | INFO | automation | Click element: ('id', 'checkout')
2026-03-10 22:24:44,455 | INFO | automation | Input text into ('id', 'first-name')
2026-03-10 22:24:44,540 | INFO | automation | Input text into ('id', 'last-name')
2026-03-10 22:24:44,626 | INFO | automation | Input text into ('id', 'postal-code')
2026-03-10 22:24:44,652 | INFO | automation | Click element: ('id', 'continue')
2026-03-10 22:24:44,787 | INFO | automation | [ASSERT PASS] Checkout validation
2026-03-10 22:24:52,330 | INFO | automation | Input text into ('id', 'user-name')
2026-03-10 22:24:52,420 | INFO | automation | Input text into ('id', 'password')
2026-03-10 22:24:52,445 | INFO | automation | Safe click: ('id', 'login-button')
2026-03-10 22:24:52,608 | INFO | automation | Click element: ('id', 'add-to-cart-sauce-labs-backpack')
2026-03-10 22:24:52,736 | INFO | automation | Click element: ('class name', 'shopping_cart_link')
2026-03-10 22:24:52,840 | INFO | automation | Click element: ('id', 'checkout')
2026-03-10 22:24:52,983 | INFO | automation | Input text into ('id', 'first-name')
2026-03-10 22:24:53,063 | INFO | automation | Input text into ('id', 'last-name')
2026-03-10 22:24:53,149 | INFO | automation | Input text into ('id', 'postal-code')
2026-03-10 22:24:53,174 | INFO | automation | Click element: ('id', 'continue')
2026-03-10 22:24:53,279 | INFO | automation | [ASSERT PASS] Checkout validation
2026-03-10 22:25:01,368 | INFO | automation | Input text into ('id', 'user-name')
2026-03-10 22:25:01,514 | INFO | automation | Input text into ('id', 'password')
2026-03-10 22:25:01,542 | INFO | automation | Safe click: ('id', 'login-button')
2026-03-10 22:25:01,735 | INFO | automation | Click element: ('id', 'add-to-cart-sauce-labs-backpack')
2026-03-10 22:25:01,854 | INFO | automation | Click element: ('class name', 'shopping_cart_link')
2026-03-10 22:25:01,966 | INFO | automation | Click element: ('id', 'checkout')
2026-03-10 22:25:02,108 | INFO | automation | Input text into ('id', 'first-name')
2026-03-10 22:25:02,192 | INFO | automation | Input text into ('id', 'last-name')
2026-03-10 22:25:02,267 | INFO | automation | Input text into ('id', 'postal-code')
2026-03-10 22:25:02,285 | INFO | automation | Click element: ('id', 'continue')
2026-03-10 22:25:02,383 | INFO | automation | [ASSERT PASS] Checkout validation
2026-03-10 22:25:10,149 | ERROR | error_handler | Test Failed
2026-03-10 22:25:10,149 | ERROR | error_handler | Exception Type: NoSuchElementException
2026-03-10 22:25:10,149 | ERROR | error_handler | Exception Message: Message: no such element: Unable to locate element: {"method":"css selector","selector":"[id="element_not_exist"]"}
2026-03-10 22:25:10,149 | ERROR | error_handler | [LOCATOR_ERROR] Element not found
2026-03-10 22:25:10,296 | ERROR | automation | Screenshot saved: reports\screenshots\tests.test_element_failure_test_element_failure_20260310_222510.png
2026-03-10 22:25:18,202 | INFO | automation | Input text into ('id', 'user-name')
2026-03-10 22:25:18,312 | INFO | automation | Input text into ('id', 'password')
2026-03-10 22:25:18,335 | INFO | automation | Safe click: ('id', 'login-button')
2026-03-10 22:25:18,488 | INFO | automation | [ASSERT PASS] Inventory count validation
2026-03-10 22:25:26,092 | INFO | automation | Input text into ('id', 'user-name')
2026-03-10 22:25:26,243 | INFO | automation | Input text into ('id', 'password')
2026-03-10 22:25:26,271 | INFO | automation | Safe click: ('id', 'login-button')
2026-03-10 22:25:26,423 | INFO | automation | [ASSERT PASS] Inventory count validation
2026-03-10 22:25:33,990 | INFO | automation | Input text into ('id', 'user-name')
2026-03-10 22:25:34,133 | INFO | automation | Input text into ('id', 'password')
2026-03-10 22:25:34,165 | INFO | automation | Safe click: ('id', 'login-button')
2026-03-10 22:25:34,342 | INFO | automation | [ASSERT PASS] Inventory count validation
2026-03-10 22:25:41,515 | INFO | automation | Input text into ('id', 'user-name')
2026-03-10 22:25:41,664 | INFO | automation | Input text into ('id', 'password')
2026-03-10 22:25:41,695 | INFO | automation | Safe click: ('id', 'login-button')
2026-03-10 22:25:41,905 | INFO | automation | [ASSERT PASS] Login result validation
2026-03-10 22:25:53,682 | INFO | automation | Input text into ('id', 'user-name')
2026-03-10 22:25:53,816 | INFO | automation | Input text into ('id', 'password')
2026-03-10 22:25:53,840 | INFO | automation | Safe click: ('id', 'login-button')
2026-03-10 22:26:04,168 | INFO | automation | [ASSERT PASS] Login result validation
2026-03-10 22:26:12,040 | INFO | automation | Input text into ('id', 'user-name')
2026-03-10 22:26:12,145 | INFO | automation | Input text into ('id', 'password')
2026-03-10 22:26:12,173 | INFO | automation | Safe click: ('id', 'login-button')
2026-03-10 22:26:22,463 | INFO | automation | [ASSERT PASS] Login result validation
2026-03-10 22:26:29,398 | INFO | automation | Input text into ('id', 'user-name')
2026-03-10 22:26:29,501 | INFO | automation | Input text into ('id', 'password')
2026-03-10 22:26:29,524 | INFO | automation | Safe click: ('id', 'login-button')
2026-03-10 22:26:39,969 | INFO | automation | [ASSERT PASS] Login result validation
2026-03-10 22:26:46,871 | INFO | automation | Input text into ('id', 'user-name')
2026-03-10 22:26:46,954 | INFO | automation | Input text into ('id', 'password')
2026-03-10 22:26:46,978 | INFO | automation | Safe click: ('id', 'login-button')
2026-03-10 22:26:57,251 | INFO | automation | [ASSERT PASS] Login result validation
2026-03-10 22:27:04,818 | INFO | automation | Input text into ('id', 'user-name')
2026-03-10 22:27:04,950 | INFO | automation | Input text into ('id', 'password')
2026-03-10 22:27:04,991 | INFO | automation | Safe click: ('id', 'login-button')
2026-03-10 22:27:05,176 | INFO | automation | Safe click: ('id', 'react-burger-menu-btn')
2026-03-10 22:27:05,793 | INFO | automation | Safe click: ('id', 'logout_sidebar_link')
2026-03-10 22:27:14,229 | INFO | automation | Input text into ('id', 'user-name')
2026-03-10 22:27:14,334 | INFO | automation | Input text into ('id', 'password')
2026-03-10 22:27:14,363 | INFO | automation | Safe click: ('id', 'login-button')
2026-03-10 22:27:14,598 | INFO | automation | Safe click: ('id', 'react-burger-menu-btn')
2026-03-10 22:27:15,204 | INFO | automation | Safe click: ('id', 'logout_sidebar_link')
2026-03-10 22:27:22,521 | INFO | automation | Input text into ('id', 'user-name')
2026-03-10 22:27:22,631 | INFO | automation | Input text into ('id', 'password')
2026-03-10 22:27:22,666 | INFO | automation | Safe click: ('id', 'login-button')
2026-03-10 22:27:22,883 | INFO | automation | Click element: ('id', 'add-to-cart-sauce-labs-backpack')
2026-03-10 22:27:22,972 | INFO | automation | [ASSERT PASS] Cart validation
2026-03-10 22:27:29,836 | INFO | automation | Input text into ('id', 'user-name')
2026-03-10 22:27:29,943 | INFO | automation | Input text into ('id', 'password')
2026-03-10 22:27:29,967 | INFO | automation | Safe click: ('id', 'login-button')
2026-03-10 22:27:30,172 | INFO | automation | Click element: ('id', 'add-to-cart-sauce-labs-backpack')
2026-03-10 22:27:30,310 | INFO | automation | [ASSERT PASS] Cart validation
2026-03-10 22:27:37,667 | INFO | automation | Input text into ('id', 'user-name')
2026-03-10 22:27:37,754 | INFO | automation | Input text into ('id', 'password')
2026-03-10 22:27:37,778 | INFO | automation | Safe click: ('id', 'login-button')
2026-03-10 22:27:37,937 | INFO | automation | Click element: ('id', 'add-to-cart-sauce-labs-backpack')
2026-03-10 22:27:38,033 | INFO | automation | [ASSERT PASS] Cart validation
2026-03-10 22:27:46,552 | ERROR | error_handler | Test Failed
2026-03-10 22:27:46,552 | ERROR | error_handler | Exception Type: TimeoutException
2026-03-10 22:27:46,552 | ERROR | error_handler | Exception Message: Message: 
2026-03-10 22:27:46,552 | ERROR | error_handler | [TIMEOUT_ERROR] Wait timeout
2026-03-10 22:27:46,660 | ERROR | automation | Screenshot saved: reports\screenshots\tests.test_timeout_failure_test_timeout_failure_20260310_222746.png
